<?xml version="1.0" encoding="UTF-8"?>
<!-- Generated by org.testng.reporters.JUnitReportReporter -->
<testsuite hostname="Radhagobinda" failures="0" tests="1" name="testscripts.multipleProducts" time="160.897" errors="0" timestamp="2024-02-28T04:45:01 IST" skipped="0">
  <testcase classname="testscripts.multipleProducts" name="testProduct" time="160.897"/>
  <system-out/>
</testsuite> <!-- testscripts.multipleProducts -->
