<?xml version="1.0" encoding="UTF-8"?>
<!-- Generated by org.testng.reporters.JUnitReportReporter -->
<testsuite hostname="Radhagobinda" failures="0" tests="1" name="testscripts.multipleProducts" time="161.744" errors="0" timestamp="2024-02-28T05:24:40 IST" skipped="0">
  <testcase classname="testscripts.multipleProducts" name="testProduct" time="161.744"/>
  <system-out/>
</testsuite> <!-- testscripts.multipleProducts -->
