<?xml version="1.0" encoding="UTF-8"?>
<!-- Generated by org.testng.reporters.JUnitReportReporter -->
<testsuite hostname="Radhagobinda" failures="0" tests="1" name="testscripts.testProduct" time="146.869" errors="0" timestamp="2024-02-27T07:23:37 IST" skipped="0">
  <testcase classname="testscripts.testProduct" name="testProduct" time="146.869"/>
  <system-out>
    <![CDATA[https://biomathealth.com/checkout/]]>
  </system-out>
</testsuite> <!-- testscripts.testProduct -->
